
> peft-studio@1.0.1 type-check
> tsc --noEmit

src/api/errors.ts(45,17): error TS2304: Cannot find name 'ErrorCategory'.
src/api/errors.ts(46,17): error TS2552: Cannot find name 'ErrorSeverity'. Did you mean 'ErrorEvent'?
src/components/configuration/ImportConfigurationDialog.tsx(83,26): error TS2339: Property 'name' does not exist on type '{}'.
src/components/configuration/ImportConfigurationDialog.tsx(100,24): error TS2638: Type '{}' may represent a primitive value, which is not permitted as the right operand of the 'in' operator.
src/components/ErrorBoundary.tsx(69,11): error TS2322: Type '"system"' is not assignable to type 'ErrorCategory'.
src/components/ErrorBoundary.tsx(70,11): error TS2322: Type '"high"' is not assignable to type 'ErrorSeverity'.
src/components/ExperimentComparisonView.tsx(74,56): error TS2345: Argument of type '(metrics: Record<string, unknown>) => void' is not assignable to parameter of type '(value: unknown, index: number, array: unknown[]) => void'.
  Types of parameters 'metrics' and 'value' are incompatible.
    Type 'unknown' is not assignable to type 'Record<string, unknown>'.
src/components/ExperimentComparisonView.tsx(433,21): error TS2322: Type 'unknown' is not assignable to type 'ReactNode'.
src/components/ExperimentComparisonView.tsx(440,21): error TS2322: Type 'unknown' is not assignable to type 'ReactNode'.
src/components/ExperimentTrackingDashboard.tsx(317,33): error TS2322: Type 'unknown' is not assignable to type 'ReactNode'.
src/components/InferencePlayground.tsx(115,7): error TS2349: This expression is not callable.
  Type 'Conversation[]' has no call signatures.
src/components/InferencePlayground.tsx(578,44): error TS2345: Argument of type '"chat" | "instruct" | "completion"' is not assignable to parameter of type 'SetStateAction<"chat" | "instruct" | "raw">'.
  Type '"completion"' is not assignable to type 'SetStateAction<"chat" | "instruct" | "raw">'.
src/components/ModelBrowser.tsx(338,30): error TS18046: 'cached.metadata' is of type 'unknown'.
src/components/ModelBrowser.tsx(341,29): error TS2322: Type 'unknown' is not assignable to type 'ReactNode'.
src/components/ModelBrowser.tsx(345,31): error TS18046: 'cached.metadata' is of type 'unknown'.
src/components/ModelBrowser.tsx(348,51): error TS2769: No overload matches this call.
  Overload 1 of 4, '(value: string | number | Date): Date', gave the following error.
    Argument of type 'unknown' is not assignable to parameter of type 'string | number | Date'.
  Overload 2 of 4, '(value: string | number): Date', gave the following error.
    Argument of type 'unknown' is not assignable to parameter of type 'string | number'.
src/components/ModelBrowser.tsx(349,52): error TS2769: No overload matches this call.
  Overload 1 of 4, '(value: string | number | Date): Date', gave the following error.
    Argument of type 'unknown' is not assignable to parameter of type 'string | number | Date'.
  Overload 2 of 4, '(value: string | number): Date', gave the following error.
    Argument of type 'unknown' is not assignable to parameter of type 'string | number'.
src/components/ModelBrowser.tsx(353,62): error TS2345: Argument of type 'unknown' is not assignable to parameter of type 'string'.
src/components/ModelComparisonView.tsx(42,39): error TS2352: Conversion of type 'ModelMetadata' to type 'Record<string, unknown>' may be a mistake because neither type sufficiently overlaps with the other. If this was intentional, convert the expression to 'unknown' first.
  Index signature for type 'string' is missing in type 'ModelMetadata'.
src/components/ModelComparisonView.tsx(59,20): error TS2352: Conversion of type 'ModelMetadata' to type 'Record<string, unknown>' may be a mistake because neither type sufficiently overlaps with the other. If this was intentional, convert the expression to 'unknown' first.
  Index signature for type 'string' is missing in type 'ModelMetadata'.
src/components/ModelComparisonView.tsx(135,36): error TS2352: Conversion of type 'ModelMetadata' to type 'Record<string, unknown>' may be a mistake because neither type sufficiently overlaps with the other. If this was intentional, convert the expression to 'unknown' first.
  Index signature for type 'string' is missing in type 'ModelMetadata'.
src/components/ModelComparisonView.tsx(146,27): error TS2322: Type '{}' is not assignable to type 'ReactNode'.
src/components/ModelComparisonView.tsx(146,42): error TS2345: Argument of type 'unknown' is not assignable to parameter of type 'number | null'.
src/components/ModelGrid.tsx(56,19): error TS2322: Type 'unknown' is not assignable to type 'ReactNode'.
src/components/ModelGrid.tsx(56,21): error TS2352: Conversion of type 'ModelMetadata' to type 'Record<string, unknown>' may be a mistake because neither type sufficiently overlaps with the other. If this was intentional, convert the expression to 'unknown' first.
  Index signature for type 'string' is missing in type 'ModelMetadata'.
src/components/ModelGrid.tsx(58,25): error TS2352: Conversion of type 'ModelMetadata' to type 'Record<string, unknown>' may be a mistake because neither type sufficiently overlaps with the other. If this was intentional, convert the expression to 'unknown' first.
  Index signature for type 'string' is missing in type 'ModelMetadata'.
src/components/ModelGrid.tsx(123,15): error TS2322: Type 'unknown' is not assignable to type 'ReactNode'.
src/components/ModelGrid.tsx(123,17): error TS2352: Conversion of type 'ModelMetadata' to type 'Record<string, unknown>' may be a mistake because neither type sufficiently overlaps with the other. If this was intentional, convert the expression to 'unknown' first.
  Index signature for type 'string' is missing in type 'ModelMetadata'.
src/components/ModelGrid.tsx(125,21): error TS2352: Conversion of type 'ModelMetadata' to type 'Record<string, unknown>' may be a mistake because neither type sufficiently overlaps with the other. If this was intentional, convert the expression to 'unknown' first.
  Index signature for type 'string' is missing in type 'ModelMetadata'.
src/components/NotificationHandler.tsx(59,13): error TS2353: Object literal may only specify known properties, and 'title' does not exist in type 'NotificationOptions'.
src/components/OptimizedModelGrid.tsx(308,13): error TS2739: Type '{}' is missing the following properties from type 'ExcludeForbiddenKeys<{ columnIndex: number; rowIndex: number; style: CSSProperties; }>': columnIndex, rowIndex, style
src/components/PerformanceProfiler.tsx(162,21): error TS2345: Argument of type '([name, stat]: [string, { avg?: number; p95?: number; max?: number; }]) => JSX.Element' is not assignable to parameter of type '(value: [string, unknown], index: number, array: [string, unknown][]) => Element'.
  Types of parameters '__0' and 'value' are incompatible.
    Type '[string, unknown]' is not assignable to type '[string, { avg?: number | undefined; p95?: number | undefined; max?: number | undefined; }]'.
      Type at position 1 in source is not compatible with type at position 1 in target.
        Type 'unknown' is not assignable to type '{ avg?: number | undefined; p95?: number | undefined; max?: number | undefined; }'.
src/components/TrainingWizard.tsx(177,20): error TS2345: Argument of type '(prev: WizardState) => { profile: OptimizationProfile; config: { loraR: number; loraAlpha: number; loraDropout: number; targetModules: string[]; learningRate: number; ... 19 more ...; evalStrategy?: "steps" | ... 1 more ... | undefined; }; ... 4 more ...; validation: ValidationResult[]; }' is not assignable to parameter of type 'SetStateAction<WizardState>'.
  Type '(prev: WizardState) => { profile: OptimizationProfile; config: { loraR: number; loraAlpha: number; loraDropout: number; targetModules: string[]; learningRate: number; ... 19 more ...; evalStrategy?: "steps" | ... 1 more ... | undefined; }; ... 4 more ...; validation: ValidationResult[]; }' is not assignable to type '(prevState: WizardState) => WizardState'.
    Call signature return types '{ profile: OptimizationProfile; config: { loraR: number; loraAlpha: number; loraDropout: number; targetModules: string[]; learningRate: number; epochs: number; warmupSteps: number; ... 17 more ...; evalStrategy?: "steps" | ... 1 more ... | undefined; }; ... 4 more ...; validation: ValidationResult[]; }' and 'WizardState' are incompatible.
      The types of 'config.scheduler' are incompatible between these types.
        Type 'string' is not assignable to type '"linear" | "cosine" | "constant" | undefined'.
src/components/TrainingWizard.tsx(200,20): error TS2345: Argument of type '(prev: WizardState) => { dataset: Dataset; validation: { field: string; message: string; }[]; currentStep: number; profile: OptimizationProfile | null; model: ModelInfo | null; config: Partial<...>; estimates: TrainingEstimates | null; }' is not assignable to parameter of type 'SetStateAction<WizardState>'.
  Type '(prev: WizardState) => { dataset: Dataset; validation: { field: string; message: string; }[]; currentStep: number; profile: OptimizationProfile | null; model: ModelInfo | null; config: Partial<...>; estimates: TrainingEstimates | null; }' is not assignable to type '(prevState: WizardState) => WizardState'.
    Call signature return types '{ dataset: Dataset; validation: { field: string; message: string; }[]; currentStep: number; profile: OptimizationProfile | null; model: ModelInfo | null; config: Partial<...>; estimates: TrainingEstimates | null; }' and 'WizardState' are incompatible.
      The types of 'validation' are incompatible between these types.
        Type '{ field: string; message: string; }[]' is not assignable to type 'ValidationResult[]'.
          Type '{ field: string; message: string; }' is missing the following properties from type 'ValidationResult': level, autoFixable
src/components/wizard/DatasetUploadStep.tsx(304,63): error TS2322: Type 'unknown' is not assignable to type 'ReactNode'.
src/components/wizard/DatasetUploadStep.tsx(305,59): error TS2322: Type 'unknown' is not assignable to type 'ReactNode'.
src/components/wizard/EnhancedConfigurationStep.tsx(70,35): error TS2304: Cannot find name 'useCallback'.
src/components/wizard/EnhancedConfigurationStep.tsx(105,33): error TS2304: Cannot find name 'useCallback'.
src/components/wizard/EnhancedConfigurationStep.tsx(130,26): error TS18046: 'smartConfig.estimated_memory_mb' is of type 'unknown'.
src/components/wizard/EnhancedConfigurationStep.tsx(139,34): error TS2304: Cannot find name 'useCallback'.
src/components/wizard/SmartConfigurationStep.tsx(40,34): error TS2304: Cannot find name 'useCallback'.
src/components/wizard/SmartConfigurationStep.tsx(162,13): error TS18046: 'smartConfig.estimated_memory_mb' is of type 'unknown'.
src/components/wizard/SmartConfigurationStep.tsx(163,13): error TS18046: 'smartConfig.estimated_memory_mb' is of type 'unknown'.
src/components/wizard/SmartConfigurationStep.tsx(393,24): error TS18046: 'smartConfig.estimated_memory_mb' is of type 'unknown'.
src/components/wizard/SmartConfigurationStep.tsx(420,66): error TS2322: Type 'unknown' is not assignable to type 'ReactNode'.
src/components/wizard/SmartConfigurationStep.tsx(422,44): error TS2339: Property 'batch_size' does not exist on type '{}'.
src/components/wizard/SmartConfigurationStep.tsx(437,17): error TS2322: Type 'unknown' is not assignable to type 'ReactNode'.
src/components/wizard/SmartConfigurationStep.tsx(440,39): error TS2322: Type 'unknown' is not assignable to type 'ReactNode'.
src/components/wizard/SmartConfigurationStep.tsx(454,66): error TS2322: Type 'unknown' is not assignable to type 'ReactNode'.
src/components/wizard/SmartConfigurationStep.tsx(456,44): error TS2339: Property 'learning_rate' does not exist on type '{}'.
src/components/wizard/SmartConfigurationStep.tsx(471,17): error TS2322: Type 'unknown' is not assignable to type 'ReactNode'.
src/components/wizard/SmartConfigurationStep.tsx(475,44): error TS2339: Property 'precision' does not exist on type '{}'.
src/components/wizard/SmartConfigurationStep.tsx(489,66): error TS2322: Type 'unknown' is not assignable to type 'ReactNode'.
src/components/wizard/SmartConfigurationStep.tsx(490,70): error TS2322: Type 'unknown' is not assignable to type 'ReactNode'.
src/components/wizard/SmartConfigurationStep.tsx(504,19): error TS18046: 'smartConfig.estimated_memory_mb' is of type 'unknown'.
src/components/wizard/SmartConfigurationStep.tsx(507,17): error TS2322: Type 'unknown' is not assignable to type 'ReactNode'.
src/components/wizard/SmartConfigurationStep.tsx(540,33): error TS2345: Argument of type 'PEFTConfig' is not assignable to parameter of type 'SetStateAction<Record<string, unknown> | null>'.
  Type 'PEFTConfig' is not assignable to type 'Record<string, unknown>'.
    Index signature for type 'string' is missing in type 'PEFTConfig'.
src/hooks/useWebSocket.ts(94,53): error TS2345: Argument of type '(message: T) => void' is not assignable to parameter of type 'MessageHandler'.
  Types of parameters 'message' and 'data' are incompatible.
    Type 'unknown' is not assignable to type 'T'.
      'T' could be instantiated with an arbitrary type which could be unrelated to 'unknown'.
src/hooks/useWebSocket.ts(148,72): error TS2345: Argument of type '(data: T) => void' is not assignable to parameter of type 'MessageHandler'.
  Types of parameters 'data' and 'data' are incompatible.
    Type 'unknown' is not assignable to type 'T'.
      'T' could be instantiated with an arbitrary type which could be unrelated to 'unknown'.
src/test/components/GradioDemoGenerator.test.tsx(19,8): error TS2339: Property 'restoreAllTimers' does not exist on type 'VitestUtils'.
src/test/components/UpdateNotification.test.tsx(27,8): error TS2339: Property 'restoreAllTimers' does not exist on type 'VitestUtils'.
src/test/pbt/checksum-generation.pbt.test.ts(15,1): error TS2578: Unused '@ts-expect-error' directive.
src/test/unit/electron-builder-config.test.ts(49,32): error TS18046: 'buildConfig' is of type 'unknown'.
src/test/unit/electron-builder-config.test.ts(82,12): error TS18046: 'buildConfig' is of type 'unknown'.
src/test/unit/electron-builder-config.test.ts(83,12): error TS18046: 'buildConfig' is of type 'unknown'.
src/test/unit/electron-builder-config.test.ts(86,21): error TS18046: 'buildConfig' is of type 'unknown'.
src/test/unit/electron-builder-config.test.ts(94,12): error TS18046: 'buildConfig' is of type 'unknown'.
src/test/unit/electron-builder-config.test.ts(97,24): error TS18046: 'buildConfig' is of type 'unknown'.
src/test/unit/electron-builder-config.test.ts(125,12): error TS18046: 'buildConfig' is of type 'unknown'.
src/test/unit/electron-builder-config.test.ts(126,12): error TS18046: 'buildConfig' is of type 'unknown'.
src/test/unit/electron-builder-config.test.ts(129,21): error TS18046: 'buildConfig' is of type 'unknown'.
src/test/unit/electron-builder-config.test.ts(135,12): error TS18046: 'buildConfig' is of type 'unknown'.
src/test/unit/electron-builder-config.test.ts(138,23): error TS18046: 'buildConfig' is of type 'unknown'.
src/test/unit/electron-builder-config.test.ts(160,12): error TS18046: 'buildConfig' is of type 'unknown'.
src/test/unit/electron-builder-config.test.ts(161,12): error TS18046: 'buildConfig' is of type 'unknown'.
src/test/unit/electron-builder-config.test.ts(175,12): error TS18046: 'buildConfig' is of type 'unknown'.
src/test/unit/electron-builder-config.test.ts(176,12): error TS18046: 'buildConfig' is of type 'unknown'.
src/test/unit/electron-builder-config.test.ts(179,21): error TS18046: 'buildConfig' is of type 'unknown'.
src/test/unit/electron-builder-config.test.ts(187,12): error TS18046: 'buildConfig' is of type 'unknown'.
src/test/unit/electron-builder-config.test.ts(190,12): error TS18046: 'buildConfig' is of type 'unknown'.
src/test/unit/electron-builder-config.test.ts(191,27): error TS18046: 'buildConfig' is of type 'unknown'.
src/test/unit/electron-builder-config.test.ts(203,12): error TS18046: 'buildConfig' is of type 'unknown'.
src/test/unit/electron-builder-config.test.ts(206,12): error TS18046: 'buildConfig' is of type 'unknown'.
src/test/unit/electron-builder-config.test.ts(207,12): error TS18046: 'buildConfig' is of type 'unknown'.
src/test/unit/electron-builder-config.test.ts(208,12): error TS18046: 'buildConfig' is of type 'unknown'.
src/test/unit/electron-builder-config.test.ts(211,12): error TS18046: 'buildConfig' is of type 'unknown'.
src/test/unit/electron-builder-config.test.ts(224,12): error TS18046: 'buildConfig' is of type 'unknown'.
src/test/unit/electron-builder-config.test.ts(227,27): error TS18046: 'buildConfig' is of type 'unknown'.
src/test/unit/electron-builder-config.test.ts(234,7): error TS7053: Element implicitly has an 'any' type because expression of type '"electron-updater"' can't be used to index type '{}'.
  Property 'electron-updater' does not exist on type '{}'.
src/test/unit/electron-builder-config.test.ts(235,7): error TS7053: Element implicitly has an 'any' type because expression of type '"electron-updater"' can't be used to index type '{}'.
  Property 'electron-updater' does not exist on type '{}'.
src/test/unit/electron-builder-config.test.ts(251,12): error TS18046: 'buildConfig' is of type 'unknown'.
src/test/unit/electron-builder-config.test.ts(252,12): error TS18046: 'buildConfig' is of type 'unknown'.
src/test/unit/electron-builder-config.test.ts(255,12): error TS18046: 'buildConfig' is of type 'unknown'.
src/test/unit/electron-builder-config.test.ts(256,12): error TS18046: 'buildConfig' is of type 'unknown'.
src/test/unit/electron-builder-config.test.ts(257,12): error TS18046: 'buildConfig' is of type 'unknown'.
src/test/unit/electron-builder-config.test.ts(258,12): error TS18046: 'buildConfig' is of type 'unknown'.
src/test/unit/electron-builder-config.test.ts(261,55): error TS18046: 'buildConfig' is of type 'unknown'.
src/test/unit/electron-builder-config.test.ts(272,12): error TS18046: 'buildConfig' is of type 'unknown'.
src/test/unit/electron-builder-config.test.ts(275,24): error TS18046: 'buildConfig' is of type 'unknown'.
src/test/unit/github-release-workflow.test.ts(40,18): error TS18046: 'workflow.on' is of type 'unknown'.
src/test/unit/github-release-workflow.test.ts(41,18): error TS18046: 'workflow.on' is of type 'unknown'.
src/test/unit/github-release-workflow.test.ts(44,31): error TS18046: 'workflow.on' is of type 'unknown'.
src/test/unit/github-release-workflow.test.ts(70,12): error TS18046: 'workflow.jobs' is of type 'unknown'.
src/test/unit/github-release-workflow.test.ts(71,12): error TS18046: 'workflow.jobs' is of type 'unknown'.
src/test/unit/github-release-workflow.test.ts(72,12): error TS18046: 'workflow.jobs' is of type 'unknown'.
src/test/unit/github-release-workflow.test.ts(75,26): error TS18046: 'workflow.jobs' is of type 'unknown'.
src/test/unit/github-release-workflow.test.ts(76,24): error TS18046: 'workflow.jobs' is of type 'unknown'.
src/test/unit/github-release-workflow.test.ts(77,24): error TS18046: 'workflow.jobs' is of type 'unknown'.
src/test/unit/github-release-workflow.test.ts(100,12): error TS18046: 'workflow.jobs' is of type 'unknown'.
src/test/unit/github-release-workflow.test.ts(101,23): error TS18046: 'workflow.jobs' is of type 'unknown'.
src/test/unit/github-release-workflow.test.ts(115,65): error TS2339: Property 'includes' does not exist on type '{}'.
src/test/unit/github-release-workflow.test.ts(121,65): error TS2339: Property 'includes' does not exist on type '{}'.
src/test/unit/github-release-workflow.test.ts(128,14): error TS18046: 'step.with' is of type 'unknown'.
src/test/unit/github-release-workflow.test.ts(129,14): error TS18046: 'step.with' is of type 'unknown'.
src/test/unit/github-release-workflow.test.ts(130,14): error TS18046: 'step.with' is of type 'unknown'.
src/test/unit/github-release-workflow.test.ts(131,14): error TS18046: 'step.with' is of type 'unknown'.
src/test/unit/worker.test.ts(24,19): error TS18046: 'message' is of type 'unknown'.
src/test/unit/worker.test.ts(44,7): error TS2322: Type '(event: MessageEvent<any>) => void' is not assignable to type '(event: ErrorEvent) => void'.
  Types of parameters 'event' and 'event' are incompatible.
    Type 'ErrorEvent' is missing the following properties from type 'MessageEvent<any>': data, lastEventId, origin, ports, and 2 more.
src/workers/WorkerPool.ts(69,38): error TS2345: Argument of type 'WorkerTask<T, R>' is not assignable to parameter of type 'WorkerTask<unknown, unknown>'.
  Type 'unknown' is not assignable to type 'R'.
    'R' could be instantiated with an arbitrary type which could be unrelated to 'unknown'.
src/workers/WorkerPool.ts(70,27): error TS2345: Argument of type 'WorkerTask<T, R>' is not assignable to parameter of type 'WorkerTask<unknown, unknown>'.
  Type 'unknown' is not assignable to type 'R'.
    'R' could be instantiated with an arbitrary type which could be unrelated to 'unknown'.
